
> pitcrew-fe@0.1.0 dev
> next dev --webpack

▲ Next.js 16.2.3 (webpack)
- Local:         http://localhost:3000
- Network:       http://192.168.40.79:3000
✓ Ready in 1188ms

○ Compiling /[locale] ...
 GET /en 200 in 16.4s (next.js: 15.7s, generate-params: 1882ms, application-code: 697ms)
 GET /en/services 200 in 3.8s (next.js: 3.2s, generate-params: 1183ms, application-code: 629ms)
 GET /en/contact 200 in 5.1s (next.js: 4.5s, generate-params: 1639ms, application-code: 557ms)
 GET /robots.txt 200 in 1321ms (next.js: 1256ms, application-code: 65ms)
 GET /sitemap.xml 200 in 878ms (next.js: 841ms, application-code: 37ms)
 GET /robots.txt 200 in 43ms (next.js: 25ms, application-code: 18ms)
 GET /sitemap.xml 200 in 18ms (next.js: 11ms, application-code: 7ms)
 GET /en 200 in 1956ms (next.js: 81ms, generate-params: 13ms, application-code: 1875ms)
 GET /en/contact 200 in 608ms (next.js: 51ms, generate-params: 22ms, application-code: 558ms)
 GET /en/services 200 in 1342ms (next.js: 83ms, generate-params: 41ms, application-code: 1259ms)
 GET /en 200 in 1471ms (next.js: 183ms, generate-params: 162ms, application-code: 1288ms)
 GET /en/services 200 in 210ms (next.js: 19ms, generate-params: 12ms, application-code: 191ms)
 GET /en/contact 200 in 100ms (next.js: 17ms, generate-params: 13ms, application-code: 82ms)
 GET /en 200 in 89ms (next.js: 15ms, generate-params: 10ms, application-code: 74ms)
 GET /en 200 in 30ms (next.js: 14ms, generate-params: 10ms, application-code: 16ms)
 GET /en 200 in 86ms (next.js: 5ms, generate-params: 35µs, application-code: 81ms)
 GET /en/services 200 in 133ms (next.js: 18ms, generate-params: 13ms, application-code: 115ms)
 GET /en/contact 200 in 77ms (next.js: 17ms, generate-params: 12ms, application-code: 60ms)
 GET /es/contact 200 in 83ms (next.js: 18ms, generate-params: 12ms, application-code: 65ms)
 GET /pt-BR/contact 200 in 79ms (next.js: 16ms, generate-params: 11ms, application-code: 63ms)
 GET /it/contact 200 in 68ms (next.js: 15ms, generate-params: 10ms, application-code: 54ms)
 GET /zh-CN/contact 200 in 81ms (next.js: 17ms, generate-params: 11ms, application-code: 64ms)
 GET /de/contact 200 in 70ms (next.js: 15ms, generate-params: 12ms, application-code: 55ms)
 GET /de/services 200 in 117ms (next.js: 18ms, generate-params: 14ms, application-code: 99ms)
 GET /en/services 200 in 138ms (next.js: 17ms, generate-params: 11ms, application-code: 121ms)
 GET /en 200 in 121ms (next.js: 14ms, generate-params: 9ms, application-code: 107ms)
 GET /en/contact 200 in 158ms (next.js: 15ms, generate-params: 11ms, application-code: 142ms)
 GET /en 200 in 163ms (next.js: 26ms, generate-params: 17ms, application-code: 137ms)
 GET /es 200 in 94ms (next.js: 15ms, generate-params: 10ms, application-code: 80ms)
 GET /pt-BR 200 in 116ms (next.js: 17ms, generate-params: 11ms, application-code: 98ms)
 GET /it 200 in 106ms (next.js: 19ms, generate-params: 15ms, application-code: 87ms)
 GET /zh-CN 200 in 107ms (next.js: 15ms, generate-params: 11ms, application-code: 92ms)
 GET /de 200 in 97ms (next.js: 16ms, generate-params: 10ms, application-code: 81ms)
 GET /en 200 in 95ms (next.js: 15ms, generate-params: 12ms, application-code: 79ms)
